<?xml version="1.0" encoding="UTF-8"?>
<!-- Generated by org.testng.reporters.JUnitXMLReporter -->
<testsuite hostname="Lenovo" ignored="0" name="Test" tests="4" failures="0" timestamp="2022-09-26T14:35:02 IST" time="5.13" errors="0">
  <testcase name="login" time="4.679" classname="test.LoginTest"/>
  <testcase name="test01" time="0.074" classname="test.DashboardTest"/>
  <testcase name="test02" time="0.271" classname="test.DashboardTest"/>
  <testcase name="tetst01" time="0.043" classname="test.UserTest"/>
</testsuite> <!-- Test -->
