<?xml version="1.0" encoding="UTF-8"?>
<testng-results skipped="0" failed="0" ignored="0" total="4" passed="4">
  <reporter-output>
  </reporter-output>
  <suite name="Suite" duration-ms="5130" started-at="2022-09-26T14:34:57 IST" finished-at="2022-09-26T14:35:02 IST">
    <groups>
    </groups>
    <test name="Test" duration-ms="5130" started-at="2022-09-26T14:34:57 IST" finished-at="2022-09-26T14:35:02 IST">
      <class name="test.DashboardTest">
        <test-method status="PASS" signature="test01()[pri:0, instance:test.DashboardTest@7a1ebcd8]" name="test01" duration-ms="74" started-at="2022-09-26T14:35:02 IST" finished-at="2022-09-26T14:35:02 IST">
          <reporter-output>
          </reporter-output>
        </test-method> <!-- test01 -->
        <test-method status="PASS" signature="test02()[pri:0, instance:test.DashboardTest@7a1ebcd8]" name="test02" duration-ms="271" started-at="2022-09-26T14:35:02 IST" finished-at="2022-09-26T14:35:02 IST">
          <reporter-output>
          </reporter-output>
        </test-method> <!-- test02 -->
      </class> <!-- test.DashboardTest -->
      <class name="test.UserTest">
        <test-method status="PASS" signature="tetst01()[pri:0, instance:test.UserTest@5faeada1]" name="tetst01" duration-ms="43" started-at="2022-09-26T14:35:02 IST" finished-at="2022-09-26T14:35:02 IST">
          <reporter-output>
          </reporter-output>
        </test-method> <!-- tetst01 -->
      </class> <!-- test.UserTest -->
      <class name="test.LoginTest">
        <test-method status="PASS" signature="login()[pri:0, instance:test.LoginTest@e320068]" name="login" duration-ms="4679" started-at="2022-09-26T14:34:57 IST" finished-at="2022-09-26T14:35:02 IST">
          <reporter-output>
          </reporter-output>
        </test-method> <!-- login -->
      </class> <!-- test.LoginTest -->
    </test> <!-- Test -->
  </suite> <!-- Suite -->
</testng-results>
